# JRE version: OpenJDK Runtime Environment (11.0.4+11) (build 11.0.4+11-post-Ubuntu-1ubuntu218.04.3)
# Java VM: OpenJDK 64-Bit Server VM (11.0.4+11-post-Ubuntu-1ubuntu218.04.3, mixed mode, sharing, tiered, compressed oops, g1 gc, linux-amd64)
Heap:
 garbage-first heap   total 401408K, used 37496K [0x0000000085200000, 0x0000000100000000)
  region size 1024K, 2 young (2048K), 2 survivors (2048K)
 Metaspace       used 51756K, capacity 53483K, committed 53760K, reserved 1095680K
  class space    used 7176K, capacity 7841K, committed 7936K, reserved 1048576K
GC Heap History (10 events):
Event: 69.726 GC heap after
{Heap after GC invocations=7 (full 0):
 garbage-first heap   total 200704K, used 19656K [0x0000000085200000, 0x0000000100000000)
  region size 1024K, 8 young (8192K), 8 survivors (8192K)
 Metaspace       used 28961K, capacity 30278K, committed 30336K, reserved 1075200K
  class space    used 3930K, capacity 4430K, committed 4480K, reserved 1048576K
}
Event: 100.430 GC heap before
{Heap before GC invocations=7 (full 0):
 garbage-first heap   total 200704K, used 52424K [0x0000000085200000, 0x0000000100000000)
  region size 1024K, 42 young (43008K), 8 survivors (8192K)
 Metaspace       used 34128K, capacity 35430K, committed 35584K, reserved 1079296K
  class space    used 4571K, capacity 5081K, committed 5120K, reserved 1048576K
}
Event: 100.454 GC heap after
{Heap after GC invocations=8 (full 0):
 garbage-first heap   total 200704K, used 22894K [0x0000000085200000, 0x0000000100000000)
  region size 1024K, 11 young (11264K), 11 survivors (11264K)
 Metaspace       used 34128K, capacity 35430K, committed 35584K, reserved 1079296K
  class space    used 4571K, capacity 5081K, committed 5120K, reserved 1048576K
}
Event: 108.145 GC heap before
{Heap before GC invocations=9 (full 0):
 garbage-first heap   total 200704K, used 131438K [0x0000000085200000, 0x0000000100000000)
  region size 1024K, 117 young (119808K), 11 survivors (11264K)
 Metaspace       used 46256K, capacity 47680K, committed 48000K, reserved 1089536K
  class space    used 6387K, capacity 6917K, committed 7040K, reserved 1048576K
}
Event: 108.243 GC heap after
{Heap after GC invocations=10 (full 0):
 garbage-first heap   total 200704K, used 25523K [0x0000000085200000, 0x0000000100000000)
  region size 1024K, 8 young (8192K), 8 survivors (8192K)
 Metaspace       used 46256K, capacity 47680K, committed 48000K, reserved 1089536K
  class space    used 6387K, capacity 6917K, committed 7040K, reserved 1048576K
}
Event: 162.426 GC heap before
{Heap before GC invocations=10 (full 0):
 garbage-first heap   total 200704K, used 137139K [0x0000000085200000, 0x0000000100000000)
  region size 1024K, 117 young (119808K), 8 survivors (8192K)
 Metaspace       used 51743K, capacity 53417K, committed 53760K, reserved 1095680K
  class space    used 7174K, capacity 7840K, committed 7936K, reserved 1048576K
}
Event: 165.182 GC heap after
{Heap after GC invocations=11 (full 0):
 garbage-first heap   total 200704K, used 34765K [0x0000000085200000, 0x0000000100000000)
  region size 1024K, 15 young (15360K), 15 survivors (15360K)
 Metaspace       used 51743K, capacity 53417K, committed 53760K, reserved 1095680K
  class space    used 7174K, capacity 7840K, committed 7936K, reserved 1048576K
}
Event: 166.429 GC heap before
{Heap before GC invocations=11 (full 0):
 garbage-first heap   total 200704K, used 35789K [0x0000000085200000, 0x0000000100000000)
  region size 1024K, 16 young (16384K), 15 survivors (15360K)
 Metaspace       used 51746K, capacity 53417K, committed 53760K, reserved 1095680K
  class space    used 7175K, capacity 7840K, committed 7936K, reserved 1048576K
}
Event: 172.026 GC heap after
{Heap after GC invocations=12 (full 0):
 garbage-first heap   total 200704K, used 36325K [0x0000000085200000, 0x0000000100000000)
  region size 1024K, 2 young (2048K), 2 survivors (2048K)
 Metaspace       used 51746K, capacity 53417K, committed 53760K, reserved 1095680K
  class space    used 7175K, capacity 7840K, committed 7936K, reserved 1048576K
}
Event: 183.690 GC heap before
{Heap before GC invocations=12 (full 0):
 garbage-first heap   total 200704K, used 43493K [0x0000000085200000, 0x0000000100000000)
  region size 1024K, 9 young (9216K), 2 survivors (2048K)
 Metaspace       used 51756K, capacity 53483K, committed 53760K, reserved 1095680K
  class space    used 7176K, capacity 7841K, committed 7936K, reserved 1048576K
}

