# JRE version: OpenJDK Runtime Environment (11.0.4+11) (build 11.0.4+11-post-Ubuntu-1ubuntu218.04.3)
# Java VM: OpenJDK 64-Bit Server VM (11.0.4+11-post-Ubuntu-1ubuntu218.04.3, mixed mode, sharing, tiered, compressed oops, g1 gc, linux-amd64)
Heap:
 garbage-first heap   total 568320K, used 39306K [0x0000000085200000, 0x0000000100000000)
  region size 1024K, 2 young (2048K), 2 survivors (2048K)
 Metaspace       used 52203K, capacity 53932K, committed 54008K, reserved 1095680K
  class space    used 7235K, capacity 7898K, committed 7928K, reserved 1048576K
GC Heap History (10 events):
Event: 5.340 GC heap after
{Heap after GC invocations=10 (full 0):
 garbage-first heap   total 177152K, used 25390K [0x0000000085200000, 0x0000000100000000)
  region size 1024K, 8 young (8192K), 8 survivors (8192K)
 Metaspace       used 44240K, capacity 45612K, committed 46200K, reserved 1089536K
  class space    used 6125K, capacity 6653K, committed 6776K, reserved 1048576K
}
Event: 6.466 GC heap before
{Heap before GC invocations=10 (full 0):
 garbage-first heap   total 177152K, used 118574K [0x0000000085200000, 0x0000000100000000)
  region size 1024K, 99 young (101376K), 8 survivors (8192K)
 Metaspace       used 51408K, capacity 53076K, committed 53496K, reserved 1095680K
  class space    used 7127K, capacity 7792K, committed 7928K, reserved 1048576K
}
Event: 6.486 GC heap after
{Heap after GC invocations=11 (full 0):
 garbage-first heap   total 212992K, used 31112K [0x0000000085200000, 0x0000000100000000)
  region size 1024K, 12 young (12288K), 12 survivors (12288K)
 Metaspace       used 51408K, capacity 53076K, committed 53496K, reserved 1095680K
  class space    used 7127K, capacity 7792K, committed 7928K, reserved 1048576K
}
Event: 35.879 GC heap before
{Heap before GC invocations=11 (full 0):
 garbage-first heap   total 212992K, used 139656K [0x0000000085200000, 0x0000000100000000)
  region size 1024K, 119 young (121856K), 12 survivors (12288K)
 Metaspace       used 52194K, capacity 53932K, committed 54008K, reserved 1095680K
  class space    used 7234K, capacity 7898K, committed 7928K, reserved 1048576K
}
Event: 37.548 GC heap after
{Heap after GC invocations=12 (full 0):
 garbage-first heap   total 212992K, used 33965K [0x0000000085200000, 0x0000000100000000)
  region size 1024K, 9 young (9216K), 9 survivors (9216K)
 Metaspace       used 52194K, capacity 53932K, committed 54008K, reserved 1095680K
  class space    used 7234K, capacity 7898K, committed 7928K, reserved 1048576K
}
Event: 38.949 GC heap before
{Heap before GC invocations=12 (full 0):
 garbage-first heap   total 212992K, used 34989K [0x0000000085200000, 0x0000000100000000)
  region size 1024K, 10 young (10240K), 9 survivors (9216K)
 Metaspace       used 52194K, capacity 53932K, committed 54008K, reserved 1095680K
  class space    used 7234K, capacity 7898K, committed 7928K, reserved 1048576K
}
Event: 39.958 GC heap after
{Heap after GC invocations=13 (full 0):
 garbage-first heap   total 212992K, used 33829K [0x0000000085200000, 0x0000000100000000)
  region size 1024K, 1 young (1024K), 1 survivors (1024K)
 Metaspace       used 52194K, capacity 53932K, committed 54008K, reserved 1095680K
  class space    used 7234K, capacity 7898K, committed 7928K, reserved 1048576K
}
Event: 54.723 GC heap before
{Heap before GC invocations=13 (full 0):
 garbage-first heap   total 212992K, used 43045K [0x0000000085200000, 0x0000000100000000)
  region size 1024K, 10 young (10240K), 1 survivors (1024K)
 Metaspace       used 52195K, capacity 53932K, committed 54008K, reserved 1095680K
  class space    used 7234K, capacity 7898K, committed 7928K, reserved 1048576K
}
Event: 57.641 GC heap after
{Heap after GC invocations=14 (full 0):
 garbage-first heap   total 212992K, used 36822K [0x0000000085200000, 0x0000000100000000)
  region size 1024K, 2 young (2048K), 2 survivors (2048K)
 Metaspace       used 52195K, capacity 53932K, committed 54008K, reserved 1095680K
  class space    used 7234K, capacity 7898K, committed 7928K, reserved 1048576K
}
Event: 75.238 GC heap before
{Heap before GC invocations=14 (full 0):
 garbage-first heap   total 212992K, used 45014K [0x0000000085200000, 0x0000000100000000)
  region size 1024K, 10 young (10240K), 2 survivors (2048K)
 Metaspace       used 52203K, capacity 53932K, committed 54008K, reserved 1095680K
  class space    used 7235K, capacity 7898K, committed 7928K, reserved 1048576K
}

