# JRE version: OpenJDK Runtime Environment (11.0.4+11) (build 11.0.4+11-post-Ubuntu-1ubuntu218.04.3)
# Java VM: OpenJDK 64-Bit Server VM (11.0.4+11-post-Ubuntu-1ubuntu218.04.3, mixed mode, sharing, tiered, compressed oops, g1 gc, linux-amd64)
Heap:
 garbage-first heap   total 552960K, used 42168K [0x0000000085200000, 0x0000000100000000)
  region size 1024K, 1 young (1024K), 1 survivors (1024K)
 Metaspace       used 63312K, capacity 65173K, committed 65572K, reserved 1105920K
  class space    used 8320K, capacity 9027K, committed 9088K, reserved 1048576K
GC Heap History (10 events):
Event: 1982.989 GC heap after
{Heap after GC invocations=90 (full 0):
 garbage-first heap   total 276480K, used 37418K [0x0000000085200000, 0x0000000100000000)
  region size 1024K, 2 young (2048K), 2 survivors (2048K)
 Metaspace       used 63312K, capacity 65173K, committed 65572K, reserved 1105920K
  class space    used 8320K, capacity 9027K, committed 9088K, reserved 1048576K
}
Event: 2019.692 GC heap before
{Heap before GC invocations=90 (full 0):
 garbage-first heap   total 276480K, used 48682K [0x0000000085200000, 0x0000000100000000)
  region size 1024K, 13 young (13312K), 2 survivors (2048K)
 Metaspace       used 63312K, capacity 65173K, committed 65572K, reserved 1105920K
  class space    used 8320K, capacity 9027K, committed 9088K, reserved 1048576K
}
Event: 2022.388 GC heap after
{Heap after GC invocations=91 (full 0):
 garbage-first heap   total 276480K, used 37907K [0x0000000085200000, 0x0000000100000000)
  region size 1024K, 2 young (2048K), 2 survivors (2048K)
 Metaspace       used 63312K, capacity 65173K, committed 65572K, reserved 1105920K
  class space    used 8320K, capacity 9027K, committed 9088K, reserved 1048576K
}
Event: 2056.629 GC heap before
{Heap before GC invocations=91 (full 0):
 garbage-first heap   total 276480K, used 49171K [0x0000000085200000, 0x0000000100000000)
  region size 1024K, 13 young (13312K), 2 survivors (2048K)
 Metaspace       used 63312K, capacity 65173K, committed 65572K, reserved 1105920K
  class space    used 8320K, capacity 9027K, committed 9088K, reserved 1048576K
}
Event: 2058.836 GC heap after
{Heap after GC invocations=92 (full 0):
 garbage-first heap   total 276480K, used 38213K [0x0000000085200000, 0x0000000100000000)
  region size 1024K, 2 young (2048K), 2 survivors (2048K)
 Metaspace       used 63312K, capacity 65173K, committed 65572K, reserved 1105920K
  class space    used 8320K, capacity 9027K, committed 9088K, reserved 1048576K
}
Event: 2091.832 GC heap before
{Heap before GC invocations=92 (full 0):
 garbage-first heap   total 276480K, used 49477K [0x0000000085200000, 0x0000000100000000)
  region size 1024K, 13 young (13312K), 2 survivors (2048K)
 Metaspace       used 63312K, capacity 65173K, committed 65572K, reserved 1105920K
  class space    used 8320K, capacity 9027K, committed 9088K, reserved 1048576K
}
Event: 2099.854 GC heap after
{Heap after GC invocations=93 (full 0):
 garbage-first heap   total 276480K, used 41070K [0x0000000085200000, 0x0000000100000000)
  region size 1024K, 2 young (2048K), 2 survivors (2048K)
 Metaspace       used 63312K, capacity 65173K, committed 65572K, reserved 1105920K
  class space    used 8320K, capacity 9027K, committed 9088K, reserved 1048576K
}
Event: 2155.391 GC heap before
{Heap before GC invocations=93 (full 0):
 garbage-first heap   total 276480K, used 52334K [0x0000000085200000, 0x0000000100000000)
  region size 1024K, 13 young (13312K), 2 survivors (2048K)
 Metaspace       used 63312K, capacity 65173K, committed 65572K, reserved 1105920K
  class space    used 8320K, capacity 9027K, committed 9088K, reserved 1048576K
}
Event: 2158.372 GC heap after
{Heap after GC invocations=94 (full 0):
 garbage-first heap   total 276480K, used 41811K [0x0000000085200000, 0x0000000100000000)
  region size 1024K, 1 young (1024K), 1 survivors (1024K)
 Metaspace       used 63312K, capacity 65173K, committed 65572K, reserved 1105920K
  class space    used 8320K, capacity 9027K, committed 9088K, reserved 1048576K
}
Event: 2209.804 GC heap before
{Heap before GC invocations=94 (full 0):
 garbage-first heap   total 276480K, used 53075K [0x0000000085200000, 0x0000000100000000)
  region size 1024K, 13 young (13312K), 1 survivors (1024K)
 Metaspace       used 63312K, capacity 65173K, committed 65572K, reserved 1105920K
  class space    used 8320K, capacity 9027K, committed 9088K, reserved 1048576K
}

